
  .   ____          _            __ _ _
 /\\ / ___'_ __ _ _(_)_ __  __ _ \ \ \ \
( ( )\___ | '_ | '_| | '_ \/ _` | \ \ \ \
 \\/  ___)| |_)| | | | | || (_| |  ) ) ) )
  '  |____| .__|_| |_|_| |_\__, | / / / /
 =========|_|==============|___/=/_/_/_/

 :: Spring Boot ::               (v3.5.12)

2026-04-01T01:00:47.826+05:30  INFO 29670 --- [edusubmit-config-server] [           main] c.e.c.EdusubmitConfigServerApplication   : Starting EdusubmitConfigServerApplication v0.0.1-SNAPSHOT using Java 25 with PID 29670 (/Users/gayashanashinshana/Documents/edusubmit/platform-seed/edusubmit-config-server/target/edusubmit-config-server-0.0.1-SNAPSHOT.jar started by gayashanashinshana in /Users/gayashanashinshana/Documents/edusubmit/platform-seed)
2026-04-01T01:00:47.834+05:30  INFO 29670 --- [edusubmit-config-server] [           main] c.e.c.EdusubmitConfigServerApplication   : The following 1 profile is active: "native"
2026-04-01T01:00:51.372+05:30  INFO 29670 --- [edusubmit-config-server] [           main] o.s.cloud.context.scope.GenericScope     : BeanFactory id=26a8a547-a35e-3193-8ddf-d9eb3b70c571
2026-04-01T01:00:51.961+05:30  INFO 29670 --- [edusubmit-config-server] [           main] o.s.b.w.embedded.tomcat.TomcatWebServer  : Tomcat initialized with port 8888 (http)
2026-04-01T01:00:51.995+05:30  INFO 29670 --- [edusubmit-config-server] [           main] o.apache.catalina.core.StandardService   : Starting service [Tomcat]
2026-04-01T01:00:51.996+05:30  INFO 29670 --- [edusubmit-config-server] [           main] o.apache.catalina.core.StandardEngine    : Starting Servlet engine: [Apache Tomcat/10.1.52]
2026-04-01T01:00:52.098+05:30  INFO 29670 --- [edusubmit-config-server] [           main] o.a.c.c.C.[Tomcat].[localhost].[/]       : Initializing Spring embedded WebApplicationContext
2026-04-01T01:00:52.100+05:30  INFO 29670 --- [edusubmit-config-server] [           main] w.s.c.ServletWebServerApplicationContext : Root WebApplicationContext: initialization completed in 4179 ms
2026-04-01T01:00:55.008+05:30  INFO 29670 --- [edusubmit-config-server] [           main] o.s.b.a.e.web.EndpointLinksResolver      : Exposing 2 endpoints beneath base path '/actuator'
2026-04-01T01:00:55.259+05:30  INFO 29670 --- [edusubmit-config-server] [           main] o.s.b.w.embedded.tomcat.TomcatWebServer  : Tomcat started on port 8888 (http) with context path '/'
2026-04-01T01:00:55.344+05:30  INFO 29670 --- [edusubmit-config-server] [           main] c.e.c.EdusubmitConfigServerApplication   : Started EdusubmitConfigServerApplication in 8.804 seconds (process running for 10.182)
2026-04-01T01:00:56.362+05:30  INFO 29670 --- [edusubmit-config-server] [nio-8888-exec-1] o.a.c.c.C.[Tomcat].[localhost].[/]       : Initializing Spring DispatcherServlet 'dispatcherServlet'
2026-04-01T01:00:56.363+05:30  INFO 29670 --- [edusubmit-config-server] [nio-8888-exec-1] o.s.web.servlet.DispatcherServlet        : Initializing Servlet 'dispatcherServlet'
2026-04-01T01:00:56.365+05:30  INFO 29670 --- [edusubmit-config-server] [nio-8888-exec-1] o.s.web.servlet.DispatcherServlet        : Completed initialization in 2 ms
